<?xml version="1.0" encoding="UTF-8"?>
<!-- Generated by org.testng.reporters.JUnitXMLReporter -->
<testsuite ignored="0" hostname="BLR1-LHP-N64265" failures="0" tests="13" name="App Test Cases" time="195.465" errors="0" timestamp="2019-10-12T15:56:13 IST">
  <testcase classname="com.testing.qa.testcases.LoginPageTest" name="loginTest" time="2.317"/>
  <testcase classname="com.testing.qa.testcases.LoginPageTest" name="loginPageTitleTest" time="0.015"/>
  <testcase classname="com.testing.qa.testcases.HomePageTest" name="verifyHomePageTitleTest" time="0.01"/>
  <testcase classname="com.testing.qa.testcases.MyAccountPageTest" name="clickOnHomeButtonTest" time="0.001"/>
  <testcase classname="com.testing.qa.testcases.MyAccountPageTest" name="verifyHomePageTitleTest" time="0.017"/>
  <testcase classname="com.testing.qa.testcases.MyAccountPageTest" name="verifyMyAccountPageLogoTest" time="0.118"/>
  <testcase classname="com.testing.qa.testcases.MyAccountPageTest" name="clickOnorderHistoryLinkTest" time="1.771"/>
  <testcase classname="com.testing.qa.testcases.MyAccountPageTest" name="clickOnCreditSlipsTest" time="1.316"/>
  <testcase classname="com.testing.qa.testcases.MyAccountPageTest" name="clickOnMyAddressTest" time="1.247"/>
  <testcase classname="com.testing.qa.testcases.MyAccountPageTest" name="clickOnMyPersonalInfoTest" time="1.624"/>
  <testcase classname="com.testing.qa.testcases.MyAccountPageTest" name="clickOnMyWishListTest" time="1.744"/>
  <testcase classname="com.testing.qa.testcases.OrderHistoryPageTest" name="verifyOrderHistoryPageTitleTest" time="0.066"/>
  <testcase classname="com.testing.qa.testcases.CreditSlipsPageTest" name="verifyCreditSlipsPageLabelTest" time="0.065"/>
</testsuite> <!-- App Test Cases -->
